<?xml version="1.0" encoding="UTF-8"?>
<testng-results ignored="0" total="1" passed="1" failed="0" skipped="0">
  <reporter-output>
  </reporter-output>
  <suite started-at="2023-08-11T20:51:57 IST" name="inetbankingV1" finished-at="2023-08-11T20:52:06 IST" duration-ms="8511">
    <groups>
    </groups>
    <test started-at="2023-08-11T20:51:57 IST" name="Test" finished-at="2023-08-11T20:52:06 IST" duration-ms="8511">
      <class name="com.inetbanking.testcases.TC_LoginTest_001">
        <test-method is-config="true" signature="setup(java.lang.String)[pri:0, instance:com.inetbanking.testcases.TC_LoginTest_001@742ff096]" started-at="2023-08-11T20:51:57 IST" name="setup" finished-at="2023-08-11T20:52:03 IST" duration-ms="5723" status="PASS">
          <params>
            <param index="0">
              <value>
                <![CDATA[msedge]]>
              </value>
            </param>
          </params>
          <reporter-output>
          </reporter-output>
        </test-method> <!-- setup -->
        <test-method signature="loginTest()[pri:0, instance:com.inetbanking.testcases.TC_LoginTest_001@742ff096]" started-at="2023-08-11T20:52:03 IST" name="loginTest" finished-at="2023-08-11T20:52:06 IST" duration-ms="2435" status="PASS">
          <reporter-output>
          </reporter-output>
        </test-method> <!-- loginTest -->
        <test-method is-config="true" signature="teardown()[pri:0, instance:com.inetbanking.testcases.TC_LoginTest_001@742ff096]" started-at="2023-08-11T20:52:06 IST" name="teardown" finished-at="2023-08-11T20:52:06 IST" duration-ms="279" status="PASS">
          <reporter-output>
          </reporter-output>
        </test-method> <!-- teardown -->
      </class> <!-- com.inetbanking.testcases.TC_LoginTest_001 -->
    </test> <!-- Test -->
  </suite> <!-- inetbankingV1 -->
</testng-results>
