<?xml version="1.0" encoding="UTF-8"?>
<testng-results ignored="0" total="1" passed="1" failed="0" skipped="0">
  <reporter-output>
  </reporter-output>
  <suite started-at="2023-08-12T12:24:29 IST" name="inetbankingV1" finished-at="2023-08-12T12:25:03 IST" duration-ms="34219">
    <groups>
    </groups>
    <test started-at="2023-08-12T12:24:29 IST" name="banking Test" finished-at="2023-08-12T12:25:03 IST" duration-ms="34219">
      <class name="com.inetbanking.testcases.TC_LoginTest_001">
        <test-method is-config="true" signature="setup(java.lang.String)[pri:0, instance:com.inetbanking.testcases.TC_LoginTest_001@5afa3c9]" started-at="2023-08-12T12:24:30 IST" name="setup" finished-at="2023-08-12T12:24:57 IST" duration-ms="27522" status="PASS">
          <params>
            <param index="0">
              <value>
                <![CDATA[msedge]]>
              </value>
            </param>
          </params>
          <reporter-output>
          </reporter-output>
        </test-method> <!-- setup -->
        <test-method signature="loginTest()[pri:0, instance:com.inetbanking.testcases.TC_LoginTest_001@5afa3c9]" started-at="2023-08-12T12:24:57 IST" name="loginTest" finished-at="2023-08-12T12:25:03 IST" duration-ms="5682" status="PASS">
          <reporter-output>
          </reporter-output>
        </test-method> <!-- loginTest -->
        <test-method is-config="true" signature="teardown()[pri:0, instance:com.inetbanking.testcases.TC_LoginTest_001@5afa3c9]" started-at="2023-08-12T12:25:03 IST" name="teardown" finished-at="2023-08-12T12:25:03 IST" duration-ms="347" status="PASS">
          <reporter-output>
          </reporter-output>
        </test-method> <!-- teardown -->
      </class> <!-- com.inetbanking.testcases.TC_LoginTest_001 -->
    </test> <!-- banking Test -->
  </suite> <!-- inetbankingV1 -->
</testng-results>
